Fitter report for 12
Mon Jul 05 12:44:51 2021
Quartus II Version 9.0 Build 235 06/17/2009 Service Pack 2 SJ Web Edition


---------------------
; Table of Contents ;
---------------------
  1. Legal Notice
  2. Fitter Summary
  3. Fitter Settings
  4. Parallel Compilation
  5. Fitter Device Options
  6. Input Pins
  7. Output Pins
  8. All Package Pins
  9. Control Signals
 10. Global & Other Fast Signals
 11. Non-Global High Fan-Out Signals
 12. Peripheral Signals
 13. LAB
 14. Local Routing Interconnect
 15. LAB External Interconnect
 16. Row Interconnect
 17. LAB Column Interconnect
 18. LAB Column Interconnect
 19. Fitter Resource Usage Summary
 20. Fitter Resource Utilization by Entity
 21. Delay Chain Summary
 22. Pin-Out File
 23. Fitter Messages



----------------
; Legal Notice ;
----------------
Copyright (C) 1991-2009 Altera Corporation
Your use of Altera Corporation's design tools, logic functions 
and other software and tools, and its AMPP partner logic 
functions, and any output files from any of the foregoing 
(including device programming or simulation files), and any 
associated documentation or information are expressly subject 
to the terms and conditions of the Altera Program License 
Subscription Agreement, Altera MegaCore Function License 
Agreement, or other applicable license agreement, including, 
without limitation, that your use is for the sole purpose of 
programming logic devices manufactured by Altera and sold by 
Altera or its authorized distributors.  Please refer to the 
applicable agreement for further details.



+----------------------------------------------------------------------+
; Fitter Summary                                                       ;
+-----------------------+----------------------------------------------+
; Fitter Status         ; Successful - Mon Jul 05 12:44:51 2021        ;
; Quartus II Version    ; 9.0 Build 235 06/17/2009 SP 2 SJ Web Edition ;
; Revision Name         ; 12                                           ;
; Top-level Entity Name ; 12                                           ;
; Family                ; ACEX1K                                       ;
; Device                ; EP1K30TC144-3                                ;
; Timing Models         ; Final                                        ;
; Total logic elements  ; 50 / 1,728 ( 3 % )                           ;
; Total pins            ; 28 / 102 ( 27 % )                            ;
; Total memory bits     ; 0 / 24,576 ( 0 % )                           ;
; Total PLLs            ; 0                                            ;
+-----------------------+----------------------------------------------+


+------------------------------------------------------------------------------------------------------+
; Fitter Settings                                                                                      ;
+------------------------------------------------------------+--------------------+--------------------+
; Option                                                     ; Setting            ; Default Value      ;
+------------------------------------------------------------+--------------------+--------------------+
; Device                                                     ; EP1K30TC144-3      ;                    ;
; Fitter Effort                                              ; Standard Fit       ; Auto Fit           ;
; Use smart compilation                                      ; Off                ; Off                ;
; Use TimeQuest Timing Analyzer                              ; Off                ; Off                ;
; Router Timing Optimization Level                           ; Normal             ; Normal             ;
; Placement Effort Multiplier                                ; 1.0                ; 1.0                ;
; Router Effort Multiplier                                   ; 1.0                ; 1.0                ;
; Optimize Timing                                            ; Normal compilation ; Normal compilation ;
; Optimize Timing for ECOs                                   ; Off                ; Off                ;
; Regenerate full fit report during ECO compiles             ; Off                ; Off                ;
; Optimize IOC Register Placement for Timing                 ; On                 ; On                 ;
; Limit to One Fitting Attempt                               ; Off                ; Off                ;
; Final Placement Optimizations                              ; Automatically      ; Automatically      ;
; Fitter Aggressive Routability Optimizations                ; Automatically      ; Automatically      ;
; Fitter Initial Placement Seed                              ; 1                  ; 1                  ;
; Slow Slew Rate                                             ; Off                ; Off                ;
; PCI I/O                                                    ; Off                ; Off                ;
; Auto Global Memory Control Signals                         ; Off                ; Off                ;
; Logic Cell Insertion - Individual Logic Cells              ; On                 ; On                 ;
; Logic Cell Insertion - I/Os Fed By Carry or Cascade Chains ; On                 ; On                 ;
; Auto Global Clock                                          ; On                 ; On                 ;
; Auto Global Output Enable                                  ; On                 ; On                 ;
; Auto Global Register Control Signals                       ; On                 ; On                 ;
; Force Fitter to Avoid Periphery Placement Warnings         ; Off                ; Off                ;
+------------------------------------------------------------+--------------------+--------------------+


Parallel compilation was disabled, but you have multiple processors available. Enable parallel compilation to reduce compilation time.
+-------------------------------------+
; Parallel Compilation                ;
+----------------------------+--------+
; Processors                 ; Number ;
+----------------------------+--------+
; Number detected on machine ; 4      ;
; Maximum allowed            ; 1      ;
+----------------------------+--------+


+-------------------------------------------------------------------------+
; Fitter Device Options                                                   ;
+----------------------------------------------+--------------------------+
; Option                                       ; Setting                  ;
+----------------------------------------------+--------------------------+
; Enable user-supplied start-up clock (CLKUSR) ; Off                      ;
; Enable device-wide reset (DEV_CLRn)          ; Off                      ;
; Enable device-wide output enable (DEV_OE)    ; Off                      ;
; Enable INIT_DONE output                      ; Off                      ;
; Configuration scheme                         ; Passive Serial           ;
; nWS, nRS, nCS, CS                            ; Unreserved               ;
; RDYnBUSY                                     ; Unreserved               ;
; Data[7..1]                                   ; Unreserved               ;
; Reserve all unused pins                      ; As output driving ground ;
; Base pin-out file on sameframe device        ; Off                      ;
+----------------------------------------------+--------------------------+


+------------------------------------------------------------------------------------------------------------------------------------------------------------+
; Input Pins                                                                                                                                                 ;
+----------+-------+-----+------+---------+--------+--------------+-------------------------+---------------+-----------------+---------------+--------------+
; Name     ; Pin # ; Row ; Col. ; Fan-Out ; Global ; I/O Register ; Use Local Routing Input ; Power Up High ; PCI I/O Enabled ; Single-Pin CE ; I/O Standard ;
+----------+-------+-----+------+---------+--------+--------------+-------------------------+---------------+-----------------+---------------+--------------+
; pattern1 ; 26    ;  E  ; --   ; 6       ; no     ; no           ; no                      ; no            ; no              ; no            ; LVTTL/LVCMOS ;
; pattern2 ; 27    ;  E  ; --   ; 6       ; no     ; no           ; no                      ; no            ; no              ; no            ; LVTTL/LVCMOS ;
; pulse    ; 29    ;  E  ; --   ; 7       ; no     ; no           ; no                      ; no            ; no              ; no            ; LVTTL/LVCMOS ;
; K16      ; 131   ; --  ; 23   ; 1       ; no     ; no           ; no                      ; no            ; no              ; no            ; LVTTL/LVCMOS ;
; hh0      ; 39    ; --  ; 33   ; 1       ; no     ; no           ; no                      ; no            ; no              ; no            ; LVTTL/LVCMOS ;
; K13      ; 132   ; --  ; 26   ; 1       ; no     ; no           ; no                      ; no            ; no              ; no            ; LVTTL/LVCMOS ;
; K9       ; 137   ; --  ; 30   ; 1       ; no     ; no           ; no                      ; no            ; no              ; no            ; LVTTL/LVCMOS ;
; K12      ; 136   ; --  ; 30   ; 1       ; no     ; no           ; no                      ; no            ; no              ; no            ; LVTTL/LVCMOS ;
; K15      ; 130   ; --  ; 22   ; 1       ; no     ; no           ; no                      ; no            ; no              ; no            ; LVTTL/LVCMOS ;
; K14      ; 133   ; --  ; 28   ; 1       ; no     ; no           ; no                      ; no            ; no              ; no            ; LVTTL/LVCMOS ;
; K10      ; 138   ; --  ; 31   ; 1       ; no     ; no           ; no                      ; no            ; no              ; no            ; LVTTL/LVCMOS ;
; K11      ; 135   ; --  ; 29   ; 1       ; no     ; no           ; no                      ; no            ; no              ; no            ; LVTTL/LVCMOS ;
+----------+-------+-----+------+---------+--------+--------------+-------------------------+---------------+-----------------+---------------+--------------+


+-------------------------------------------------------------------------------------------------------------------------------------------------------------------------------------------------------+
; Output Pins                                                                                                                                                                                           ;
+---------+-------+-----+------+--------------+--------------------------+---------------+----------------+-----------------+---------------+---------------+------------+---------------+--------------+
; Name    ; Pin # ; Row ; Col. ; I/O Register ; Use Local Routing Output ; Power Up High ; Slow Slew Rate ; PCI I/O Enabled ; Single-Pin OE ; Single-Pin CE ; Open Drain ; TRI Primitive ; I/O Standard ;
+---------+-------+-----+------+--------------+--------------------------+---------------+----------------+-----------------+---------------+---------------+------------+---------------+--------------+
; MRed    ; 30    ;  F  ; --   ; no           ; no                       ; no            ; no             ; no              ; no            ; no            ; no         ; no            ; LVTTL/LVCMOS ;
; MYellow ; 32    ;  F  ; --   ; no           ; no                       ; no            ; no             ; no              ; no            ; no            ; no         ; no            ; LVTTL/LVCMOS ;
; MGreen  ; 33    ;  F  ; --   ; no           ; no                       ; no            ; no             ; no              ; no            ; no            ; no         ; no            ; LVTTL/LVCMOS ;
; NRed    ; 36    ; --  ; 36   ; no           ; no                       ; no            ; no             ; no              ; no            ; no            ; no         ; no            ; LVTTL/LVCMOS ;
; NYellow ; 37    ; --  ; 35   ; no           ; no                       ; no            ; no             ; no              ; no            ; no            ; no         ; no            ; LVTTL/LVCMOS ;
; NGreen  ; 38    ; --  ; 34   ; no           ; no                       ; no            ; no             ; no              ; no            ; no            ; no         ; no            ; LVTTL/LVCMOS ;
; h3      ; 8     ;  A  ; --   ; no           ; no                       ; no            ; no             ; no              ; no            ; no            ; no         ; no            ; LVTTL/LVCMOS ;
; h2      ; 9     ;  B  ; --   ; no           ; no                       ; no            ; no             ; no              ; no            ; no            ; no         ; no            ; LVTTL/LVCMOS ;
; h1      ; 13    ;  C  ; --   ; no           ; no                       ; no            ; no             ; no              ; no            ; no            ; no         ; no            ; LVTTL/LVCMOS ;
; h0      ; 17    ;  C  ; --   ; no           ; no                       ; no            ; no             ; no              ; no            ; no            ; no         ; no            ; LVTTL/LVCMOS ;
; q1      ; 78    ;  F  ; --   ; no           ; no                       ; no            ; no             ; no              ; no            ; no            ; no         ; no            ; LVTTL/LVCMOS ;
; q0      ; 81    ;  F  ; --   ; no           ; no                       ; no            ; no             ; no              ; no            ; no            ; no         ; no            ; LVTTL/LVCMOS ;
; l0      ; 23    ;  D  ; --   ; no           ; no                       ; no            ; no             ; no              ; no            ; no            ; no         ; no            ; LVTTL/LVCMOS ;
; l1      ; 21    ;  D  ; --   ; no           ; no                       ; no            ; no             ; no              ; no            ; no            ; no         ; no            ; LVTTL/LVCMOS ;
; l2      ; 19    ;  D  ; --   ; no           ; no                       ; no            ; no             ; no              ; no            ; no            ; no         ; no            ; LVTTL/LVCMOS ;
; l3      ; 18    ;  C  ; --   ; no           ; no                       ; no            ; no             ; no              ; no            ; no            ; no         ; no            ; LVTTL/LVCMOS ;
+---------+-------+-----+------+--------------+--------------------------+---------------+----------------+-----------------+---------------+---------------+------------+---------------+--------------+


+-----------------------------------+
; All Package Pins                  ;
+-------+------------+--------------+
; Pin # ; Usage      ; I/O Standard ;
+-------+------------+--------------+
; 1     ; #TCK       ;              ;
; 2     ; ^CONF_DONE ;              ;
; 3     ; ^nCEO      ;              ;
; 4     ; #TDO       ;              ;
; 5     ; VCC_IO     ;              ;
; 6     ; GND_INT    ;              ;
; 7     ; GND*       ;              ;
; 8     ; h3         ; LVTTL/LVCMOS ;
; 9     ; h2         ; LVTTL/LVCMOS ;
; 10    ; GND*       ;              ;
; 11    ; GND*       ;              ;
; 12    ; GND*       ;              ;
; 13    ; h1         ; LVTTL/LVCMOS ;
; 14    ; GND*       ;              ;
; 15    ; GND_INT    ;              ;
; 16    ; VCC_INT    ;              ;
; 17    ; h0         ; LVTTL/LVCMOS ;
; 18    ; l3         ; LVTTL/LVCMOS ;
; 19    ; l2         ; LVTTL/LVCMOS ;
; 20    ; GND*       ;              ;
; 21    ; l1         ; LVTTL/LVCMOS ;
; 22    ; GND*       ;              ;
; 23    ; l0         ; LVTTL/LVCMOS ;
; 24    ; VCC_IO     ;              ;
; 25    ; GND_INT    ;              ;
; 26    ; pattern1   ; LVTTL/LVCMOS ;
; 27    ; pattern2   ; LVTTL/LVCMOS ;
; 28    ; GND*       ;              ;
; 29    ; pulse      ; LVTTL/LVCMOS ;
; 30    ; MRed       ; LVTTL/LVCMOS ;
; 31    ; GND*       ;              ;
; 32    ; MYellow    ; LVTTL/LVCMOS ;
; 33    ; MGreen     ; LVTTL/LVCMOS ;
; 34    ; #TMS       ;              ;
; 35    ; ^nSTATUS   ;              ;
; 36    ; NRed       ; LVTTL/LVCMOS ;
; 37    ; NYellow    ; LVTTL/LVCMOS ;
; 38    ; NGreen     ; LVTTL/LVCMOS ;
; 39    ; hh0        ; LVTTL/LVCMOS ;
; 40    ; GND_INT    ;              ;
; 41    ; GND*       ;              ;
; 42    ; GND*       ;              ;
; 43    ; GND*       ;              ;
; 44    ; GND*       ;              ;
; 45    ; VCC_IO     ;              ;
; 46    ; GND*       ;              ;
; 47    ; GND*       ;              ;
; 48    ; GND*       ;              ;
; 49    ; GND*       ;              ;
; 50    ; VCC_INT    ;              ;
; 51    ; GND*       ;              ;
; 52    ; GND_INT    ;              ;
; 53    ; VCC_CKLK   ;              ;
; 54    ; GND+       ;              ;
; 55    ; GND+       ;              ;
; 56    ; GND+       ;              ;
; 57    ; GND_CKLK   ;              ;
; 58    ; GND_INT    ;              ;
; 59    ; GND*       ;              ;
; 60    ; GND*       ;              ;
; 61    ; VCC_IO     ;              ;
; 62    ; GND*       ;              ;
; 63    ; GND*       ;              ;
; 64    ; GND*       ;              ;
; 65    ; GND*       ;              ;
; 66    ; GND_INT    ;              ;
; 67    ; GND*       ;              ;
; 68    ; GND*       ;              ;
; 69    ; GND*       ;              ;
; 70    ; GND*       ;              ;
; 71    ; VCC_IO     ;              ;
; 72    ; GND*       ;              ;
; 73    ; GND*       ;              ;
; 74    ; ^nCONFIG   ;              ;
; 75    ; VCC_INT    ;              ;
; 76    ; ^MSEL1     ;              ;
; 77    ; ^MSEL0     ;              ;
; 78    ; q1         ; LVTTL/LVCMOS ;
; 79    ; GND*       ;              ;
; 80    ; GND*       ;              ;
; 81    ; q0         ; LVTTL/LVCMOS ;
; 82    ; GND*       ;              ;
; 83    ; GND*       ;              ;
; 84    ; GND_INT    ;              ;
; 85    ; VCC_INT    ;              ;
; 86    ; GND*       ;              ;
; 87    ; GND*       ;              ;
; 88    ; GND*       ;              ;
; 89    ; GND*       ;              ;
; 90    ; GND*       ;              ;
; 91    ; GND*       ;              ;
; 92    ; GND*       ;              ;
; 93    ; GND_INT    ;              ;
; 94    ; VCC_IO     ;              ;
; 95    ; GND*       ;              ;
; 96    ; GND*       ;              ;
; 97    ; GND*       ;              ;
; 98    ; GND*       ;              ;
; 99    ; GND*       ;              ;
; 100   ; GND*       ;              ;
; 101   ; GND*       ;              ;
; 102   ; GND*       ;              ;
; 103   ; VCC_INT    ;              ;
; 104   ; GND_INT    ;              ;
; 105   ; #TDI       ;              ;
; 106   ; ^nCE       ;              ;
; 107   ; ^DCLK      ;              ;
; 108   ; ^DATA0     ;              ;
; 109   ; GND*       ;              ;
; 110   ; GND*       ;              ;
; 111   ; GND*       ;              ;
; 112   ; GND*       ;              ;
; 113   ; GND*       ;              ;
; 114   ; GND*       ;              ;
; 115   ; VCC_IO     ;              ;
; 116   ; GND*       ;              ;
; 117   ; GND*       ;              ;
; 118   ; GND*       ;              ;
; 119   ; GND*       ;              ;
; 120   ; GND*       ;              ;
; 121   ; GND*       ;              ;
; 122   ; GND*       ;              ;
; 123   ; GND_INT    ;              ;
; 124   ; GND+       ;              ;
; 125   ; GND+       ;              ;
; 126   ; GND+       ;              ;
; 127   ; VCC_INT    ;              ;
; 128   ; GND*       ;              ;
; 129   ; GND_INT    ;              ;
; 130   ; K15        ; LVTTL/LVCMOS ;
; 131   ; K16        ; LVTTL/LVCMOS ;
; 132   ; K13        ; LVTTL/LVCMOS ;
; 133   ; K14        ; LVTTL/LVCMOS ;
; 134   ; VCC_IO     ;              ;
; 135   ; K11        ; LVTTL/LVCMOS ;
; 136   ; K12        ; LVTTL/LVCMOS ;
; 137   ; K9         ; LVTTL/LVCMOS ;
; 138   ; K10        ; LVTTL/LVCMOS ;
; 139   ; GND_INT    ;              ;
; 140   ; GND*       ;              ;
; 141   ; GND*       ;              ;
; 142   ; GND*       ;              ;
; 143   ; GND*       ;              ;
; 144   ; GND*       ;              ;
+-------+------------+--------------+


+------------------------------------------------------------------------------------------+
; Control Signals                                                                          ;
+------------------+---------+---------+------------------------------------+--------------+
; Name             ; Pin #   ; Fan-Out ; Usage                              ; Global Usage ;
+------------------+---------+---------+------------------------------------+--------------+
; 7474:inst52|9    ; LC8_F30 ; 18      ; Clock                              ; Non-global   ;
; pulse            ; 29      ; 7       ; Clock                              ; Non-global   ;
; 74190:inst9|58   ; LC3_F26 ; 6       ; Clock                              ; Non-global   ;
; 74190:inst1|58   ; LC1_F29 ; 13      ; Clock / Async. load / Async. clear ; Internal     ;
; 74190:inst|58    ; LC7_F29 ; 4       ; Clock                              ; Non-global   ;
; 74190:inst|39    ; LC7_F32 ; 1       ; Clock enable                       ; Non-global   ;
; 74190:inst1|39   ; LC8_F29 ; 1       ; Clock enable                       ; Non-global   ;
; 74190:inst9|39~0 ; LC5_F26 ; 2       ; Clock enable                       ; Non-global   ;
+------------------+---------+---------+------------------------------------+--------------+


+---------------------------------------------+
; Global & Other Fast Signals                 ;
+----------------+---------+---------+--------+
; Name           ; Pin #   ; Fan-Out ; Global ;
+----------------+---------+---------+--------+
; 74190:inst1|58 ; LC1_F29 ; 13      ; yes    ;
+----------------+---------+---------+--------+


+---------------------------------+
; Non-Global High Fan-Out Signals ;
+------------------+--------------+
; Name             ; Fan-Out      ;
+------------------+--------------+
; 7474:inst52|9~1  ; 18           ;
; 7474:inst53|9~1  ; 17           ;
; 74190:inst1|58~1 ; 9            ;
; pulse            ; 7            ;
; 74190:inst|48~1  ; 7            ;
; pattern1         ; 6            ;
; pattern2         ; 6            ;
; 74190:inst9|58~0 ; 6            ;
; 74190:inst9|48~1 ; 5            ;
; 74190:inst1|48~1 ; 5            ;
; 74190:inst|49~2  ; 5            ;
; 74190:inst9|51~1 ; 5            ;
; 74190:inst|58~2  ; 4            ;
; 74190:inst1|50~1 ; 4            ;
; 74190:inst1|49~0 ; 4            ;
; 74190:inst1|51~1 ; 4            ;
; 74190:inst|51~1  ; 4            ;
; 74190:inst|50~2  ; 4            ;
; 74190:inst9|49~2 ; 4            ;
; 74190:inst9|50~2 ; 4            ;
; 74190:inst|58~1  ; 3            ;
; 74190:inst9|39~1 ; 2            ;
; 74190:inst|39~2  ; 1            ;
; 74190:inst1|39~0 ; 1            ;
; K14              ; 1            ;
; K15              ; 1            ;
; K12              ; 1            ;
; K11              ; 1            ;
; K13              ; 1            ;
; hh0              ; 1            ;
; K16              ; 1            ;
; inst48~1         ; 1            ;
; inst62~1         ; 1            ;
; inst29~0         ; 1            ;
; inst10~3         ; 1            ;
; inst59~1         ; 1            ;
; 74190:inst|39~1  ; 1            ;
; inst10~2         ; 1            ;
; inst31~0         ; 1            ;
; inst60~2         ; 1            ;
; inst55~0         ; 1            ;
; inst46~0         ; 1            ;
; K10              ; 1            ;
; inst47~1         ; 1            ;
; inst64~2         ; 1            ;
; inst65~2         ; 1            ;
; K9               ; 1            ;
; inst66~1         ; 1            ;
; inst34~0         ; 1            ;
; inst43~0         ; 1            ;
+------------------+--------------+


+---------------------------------------------------------------------------------------------------------------------------+
; Peripheral Signals                                                                                                        ;
+-------------------+---------+------------------------------------+-----------------+---------------------------+----------+
; Peripheral Signal ; Source  ; Usage                              ; Dedicated Clock ; Peripheral Control Signal ; Polarity ;
+-------------------+---------+------------------------------------+-----------------+---------------------------+----------+
; 74190:inst1|58    ; LC1_F29 ; Clock / Async. load / Async. clear ; no              ; yes                       ; -ve      ;
+-------------------+---------+------------------------------------+-----------------+---------------------------+----------+


+-------------------------------------------+
; LAB                                       ;
+--------------------------+----------------+
; Number of Logic Elements ; Number of LABs ;
+--------------------------+----------------+
; 0                        ; 206            ;
; 1                        ; 1              ;
; 2                        ; 3              ;
; 3                        ; 0              ;
; 4                        ; 0              ;
; 5                        ; 1              ;
; 6                        ; 0              ;
; 7                        ; 2              ;
; 8                        ; 3              ;
+--------------------------+----------------+


+----------------------------------------------+
; Local Routing Interconnect                   ;
+-----------------------------+----------------+
; Local Routing Interconnects ; Number of LABs ;
+-----------------------------+----------------+
; 0                           ; 210            ;
; 1                           ; 2              ;
; 2                           ; 1              ;
; 3                           ; 0              ;
; 4                           ; 0              ;
; 5                           ; 0              ;
; 6                           ; 0              ;
; 7                           ; 3              ;
+-----------------------------+----------------+


+---------------------------------------------+
; LAB External Interconnect                   ;
+----------------------------+----------------+
; LAB External Interconnects ; Number of LABs ;
+----------------------------+----------------+
; 0                          ; 206            ;
; 1                          ; 0              ;
; 2                          ; 3              ;
; 3                          ; 0              ;
; 4                          ; 2              ;
; 5                          ; 2              ;
; 6                          ; 2              ;
; 7                          ; 0              ;
; 8                          ; 0              ;
; 9                          ; 0              ;
; 10                         ; 1              ;
+----------------------------+----------------+


+----------------------------------------------------------------------------------------+
; Row Interconnect                                                                       ;
+-------+-------------------+-----------------------------+------------------------------+
; Row   ; Interconnect Used ; Left Half Interconnect Used ; Right Half Interconnect Used ;
+-------+-------------------+-----------------------------+------------------------------+
;  A    ;  0 / 144 ( 0 % )  ;  0 / 72 ( 0 % )             ;  1 / 72 ( 1 % )              ;
;  B    ;  0 / 144 ( 0 % )  ;  0 / 72 ( 0 % )             ;  1 / 72 ( 1 % )              ;
;  C    ;  0 / 144 ( 0 % )  ;  0 / 72 ( 0 % )             ;  3 / 72 ( 4 % )              ;
;  D    ;  0 / 144 ( 0 % )  ;  0 / 72 ( 0 % )             ;  3 / 72 ( 4 % )              ;
;  E    ;  3 / 144 ( 2 % )  ;  0 / 72 ( 0 % )             ;  0 / 72 ( 0 % )              ;
;  F    ;  11 / 144 ( 8 % ) ;  0 / 72 ( 0 % )             ;  26 / 72 ( 36 % )            ;
; Total ;  14 / 864 ( 2 % ) ;  0 / 432 ( 0 % )            ;  34 / 432 ( 8 % )            ;
+-------+-------------------+-----------------------------+------------------------------+


+---------------------------+
; LAB Column Interconnect   ;
+-------+-------------------+
; Col.  ; Interconnect Used ;
+-------+-------------------+
; 1     ;  0 / 24 ( 0 % )   ;
; 2     ;  0 / 24 ( 0 % )   ;
; 3     ;  0 / 24 ( 0 % )   ;
; 4     ;  0 / 24 ( 0 % )   ;
; 5     ;  0 / 24 ( 0 % )   ;
; 6     ;  0 / 24 ( 0 % )   ;
; 7     ;  0 / 24 ( 0 % )   ;
; 8     ;  0 / 24 ( 0 % )   ;
; 9     ;  0 / 24 ( 0 % )   ;
; 10    ;  0 / 24 ( 0 % )   ;
; 11    ;  0 / 24 ( 0 % )   ;
; 12    ;  0 / 24 ( 0 % )   ;
; 13    ;  0 / 24 ( 0 % )   ;
; 14    ;  0 / 24 ( 0 % )   ;
; 15    ;  0 / 24 ( 0 % )   ;
; 16    ;  0 / 24 ( 0 % )   ;
; 17    ;  0 / 24 ( 0 % )   ;
; 18    ;  0 / 24 ( 0 % )   ;
; 19    ;  5 / 24 ( 21 % )  ;
; 20    ;  0 / 24 ( 0 % )   ;
; 21    ;  0 / 24 ( 0 % )   ;
; 22    ;  1 / 24 ( 4 % )   ;
; 23    ;  1 / 24 ( 4 % )   ;
; 24    ;  0 / 24 ( 0 % )   ;
; 25    ;  0 / 24 ( 0 % )   ;
; 26    ;  1 / 24 ( 4 % )   ;
; 27    ;  0 / 24 ( 0 % )   ;
; 28    ;  1 / 24 ( 4 % )   ;
; 29    ;  1 / 24 ( 4 % )   ;
; 30    ;  3 / 24 ( 13 % )  ;
; 31    ;  2 / 24 ( 8 % )   ;
; 32    ;  2 / 24 ( 8 % )   ;
; 33    ;  1 / 24 ( 4 % )   ;
; 34    ;  1 / 24 ( 4 % )   ;
; 35    ;  2 / 24 ( 8 % )   ;
; 36    ;  2 / 24 ( 8 % )   ;
; Total ;  23 / 864 ( 3 % ) ;
+-------+-------------------+


+---------------------------+
; LAB Column Interconnect   ;
+-------+-------------------+
; Col.  ; Interconnect Used ;
+-------+-------------------+
; 1     ;  0 / 48 ( 0 % )   ;
; Total ;  0 / 48 ( 0 % )   ;
+-------+-------------------+


+----------------------------------------------------------+
; Fitter Resource Usage Summary                            ;
+-----------------------------------+----------------------+
; Resource                          ; Usage                ;
+-----------------------------------+----------------------+
; Total logic elements              ; 50 / 1,728 ( 3 % )   ;
; Registers                         ; 14 / 1,728 ( < 1 % ) ;
; Logic elements in carry chains    ; 0                    ;
; User inserted logic elements      ; 0                    ;
; I/O pins                          ; 28 / 102 ( 27 % )    ;
;     -- Clock pins                 ; 0 / 2 ( 0 % )        ;
;     -- Dedicated input pins       ; 0 / 4 ( 0 % )        ;
; Global signals                    ; 1                    ;
; EABs                              ; 0 / 6 ( 0 % )        ;
; Total memory bits                 ; 0 / 24,576 ( 0 % )   ;
; Total RAM block bits              ; 0 / 24,576 ( 0 % )   ;
; Maximum fan-out node              ; 7474:inst52|9        ;
; Maximum fan-out                   ; 18                   ;
; Highest non-global fan-out signal ; 7474:inst52|9        ;
; Highest non-global fan-out        ; 18                   ;
; Total fan-out                     ; 185                  ;
; Average fan-out                   ; 2.37                 ;
+-----------------------------------+----------------------+


+--------------------------------------------------------------------------------------------------------------------------------------------------------------------------------------------------------+
; Fitter Resource Utilization by Entity                                                                                                                                                                  ;
+----------------------------+-------------+--------------+-------------+------+--------------+-------------------+------------------+-----------------+------------+---------------------+--------------+
; Compilation Hierarchy Node ; Logic Cells ; LC Registers ; Memory Bits ; Pins ; LUT-Only LCs ; Register-Only LCs ; LUT/Register LCs ; Carry Chain LCs ; Packed LCs ; Full Hierarchy Name ; Library Name ;
+----------------------------+-------------+--------------+-------------+------+--------------+-------------------+------------------+-----------------+------------+---------------------+--------------+
; |12                        ; 50 (25)     ; 14           ; 0           ; 28   ; 36 (25)      ; 0 (0)             ; 14 (0)           ; 0 (0)           ; 0 (0)      ; |12                 ; work         ;
;    |74190:inst1|           ; 7 (7)       ; 4            ; 0           ; 0    ; 3 (3)        ; 0 (0)             ; 4 (4)            ; 0 (0)           ; 0 (0)      ; |12|74190:inst1     ; work         ;
;    |74190:inst9|           ; 8 (8)       ; 4            ; 0           ; 0    ; 4 (4)        ; 0 (0)             ; 4 (4)            ; 0 (0)           ; 0 (0)      ; |12|74190:inst9     ; work         ;
;    |74190:inst|            ; 8 (8)       ; 4            ; 0           ; 0    ; 4 (4)        ; 0 (0)             ; 4 (4)            ; 0 (0)           ; 0 (0)      ; |12|74190:inst      ; work         ;
;    |7474:inst52|           ; 1 (1)       ; 1            ; 0           ; 0    ; 0 (0)        ; 0 (0)             ; 1 (1)            ; 0 (0)           ; 0 (0)      ; |12|7474:inst52     ; work         ;
;    |7474:inst53|           ; 1 (1)       ; 1            ; 0           ; 0    ; 0 (0)        ; 0 (0)             ; 1 (1)            ; 0 (0)           ; 0 (0)      ; |12|7474:inst53     ; work         ;
+----------------------------+-------------+--------------+-------------+------+--------------+-------------------+------------------+-----------------+------------+---------------------+--------------+
Note: For table entries with two numbers listed, the numbers in parentheses indicate the number of resources of the given type used by the specific entity alone. The numbers listed outside of parentheses indicate the total resources of the given type used by the specific entity and all of its sub-entities in the hierarchy.


+-----------------------------------+
; Delay Chain Summary               ;
+----------+----------+-------------+
; Name     ; Pin Type ; Pad to Core ;
+----------+----------+-------------+
; pattern1 ; Input    ; ON          ;
; pattern2 ; Input    ; ON          ;
; pulse    ; Input    ; ON          ;
; K16      ; Input    ; ON          ;
; hh0      ; Input    ; ON          ;
; K13      ; Input    ; ON          ;
; K9       ; Input    ; ON          ;
; K12      ; Input    ; ON          ;
; K15      ; Input    ; ON          ;
; K14      ; Input    ; ON          ;
; K10      ; Input    ; ON          ;
; K11      ; Input    ; ON          ;
; MRed     ; Output   ; OFF         ;
; MYellow  ; Output   ; OFF         ;
; MGreen   ; Output   ; OFF         ;
; NRed     ; Output   ; OFF         ;
; NYellow  ; Output   ; OFF         ;
; NGreen   ; Output   ; OFF         ;
; h3       ; Output   ; OFF         ;
; h2       ; Output   ; OFF         ;
; h1       ; Output   ; OFF         ;
; h0       ; Output   ; OFF         ;
; q1       ; Output   ; OFF         ;
; q0       ; Output   ; OFF         ;
; l0       ; Output   ; OFF         ;
; l1       ; Output   ; OFF         ;
; l2       ; Output   ; OFF         ;
; l3       ; Output   ; OFF         ;
+----------+----------+-------------+


+--------------+
; Pin-Out File ;
+--------------+
The pin-out file can be found in C:/Users/Tyeah/Downloads/红绿灯最终版/12.pin.


+-----------------+
; Fitter Messages ;
+-----------------+
Info: *******************************************************************
Info: Running Quartus II Fitter
    Info: Version 9.0 Build 235 06/17/2009 Service Pack 2 SJ Web Edition
    Info: Processing started: Mon Jul 05 12:44:51 2021
Info: Command: quartus_fit --read_settings_files=off --write_settings_files=off 12 -c 12
Info: Selected device EP1K30TC144-3 for design "12"
Info: Fitter is using the Classic Timing Analyzer
Info: Timing requirements not specified -- optimizing circuit to achieve the following default global requirements
    Info: Assuming a global fmax requirement of 1000 MHz
    Info: Not setting a global tsu requirement
    Info: Not setting a global tco requirement
    Info: Not setting a global tpd requirement
Info: Inserted 0 logic cells in first fitting attempt
Warning: Ignored locations or region assignments to the following nodes
    Warning: Node "hh1" is assigned to location or region, but does not exist in design
    Warning: Node "hh2" is assigned to location or region, but does not exist in design
Info: Started fitting attempt 1 on Mon Jul 05 2021 at 12:44:51
Info: Fitter placement preparation operations beginning
Info: Fitter placement preparation operations ending: elapsed time is 00:00:00
Info: Fitter placement operations beginning
Info: Fitter placement operations ending: elapsed time is 00:00:00
Info: Fitter routing operations beginning
Info: Fitter routing operations ending: elapsed time is 00:00:00
Info: Quartus II Fitter was successful. 0 errors, 3 warnings
    Info: Peak virtual memory: 265 megabytes
    Info: Processing ended: Mon Jul 05 12:44:51 2021
    Info: Elapsed time: 00:00:00
    Info: Total CPU time (on all processors): 00:00:01


