Analysis & Synthesis report for 12
Mon Jul 05 12:44:50 2021
Quartus II Version 9.0 Build 235 06/17/2009 Service Pack 2 SJ Web Edition


---------------------
; Table of Contents ;
---------------------
  1. Legal Notice
  2. Analysis & Synthesis Summary
  3. Analysis & Synthesis Settings
  4. Analysis & Synthesis Source Files Read
  5. Analysis & Synthesis Resource Usage Summary
  6. Analysis & Synthesis Resource Utilization by Entity
  7. General Register Statistics
  8. Analysis & Synthesis Messages



----------------
; Legal Notice ;
----------------
Copyright (C) 1991-2009 Altera Corporation
Your use of Altera Corporation's design tools, logic functions 
and other software and tools, and its AMPP partner logic 
functions, and any output files from any of the foregoing 
(including device programming or simulation files), and any 
associated documentation or information are expressly subject 
to the terms and conditions of the Altera Program License 
Subscription Agreement, Altera MegaCore Function License 
Agreement, or other applicable license agreement, including, 
without limitation, that your use is for the sole purpose of 
programming logic devices manufactured by Altera and sold by 
Altera or its authorized distributors.  Please refer to the 
applicable agreement for further details.



+----------------------------------------------------------------------------+
; Analysis & Synthesis Summary                                               ;
+-----------------------------+----------------------------------------------+
; Analysis & Synthesis Status ; Successful - Mon Jul 05 12:44:50 2021        ;
; Quartus II Version          ; 9.0 Build 235 06/17/2009 SP 2 SJ Web Edition ;
; Revision Name               ; 12                                           ;
; Top-level Entity Name       ; 12                                           ;
; Family                      ; ACEX1K                                       ;
; Total logic elements        ; 50                                           ;
; Total pins                  ; 28                                           ;
; Total memory bits           ; 0                                            ;
; Total PLLs                  ; 0                                            ;
+-----------------------------+----------------------------------------------+


+----------------------------------------------------------------------------------------------+
; Analysis & Synthesis Settings                                                                ;
+--------------------------------------------------------------+---------------+---------------+
; Option                                                       ; Setting       ; Default Value ;
+--------------------------------------------------------------+---------------+---------------+
; Device                                                       ; EP1K30TC144-3 ;               ;
; Top-level entity name                                        ; 12            ; 12            ;
; Family name                                                  ; ACEX1K        ; Stratix       ;
; Use smart compilation                                        ; Off           ; Off           ;
; Create Debugging Nodes for IP Cores                          ; Off           ; Off           ;
; Preserve fewer node names                                    ; On            ; On            ;
; Disable OpenCore Plus hardware evaluation                    ; Off           ; Off           ;
; Verilog Version                                              ; Verilog_2001  ; Verilog_2001  ;
; VHDL Version                                                 ; VHDL93        ; VHDL93        ;
; State Machine Processing                                     ; Auto          ; Auto          ;
; Safe State Machine                                           ; Off           ; Off           ;
; Extract Verilog State Machines                               ; On            ; On            ;
; Extract VHDL State Machines                                  ; On            ; On            ;
; Ignore Verilog initial constructs                            ; Off           ; Off           ;
; Iteration limit for constant Verilog loops                   ; 5000          ; 5000          ;
; Iteration limit for non-constant Verilog loops               ; 250           ; 250           ;
; Add Pass-Through Logic to Inferred RAMs                      ; On            ; On            ;
; Parallel Synthesis                                           ; Off           ; Off           ;
; NOT Gate Push-Back                                           ; On            ; On            ;
; Power-Up Don't Care                                          ; On            ; On            ;
; Remove Redundant Logic Cells                                 ; Off           ; Off           ;
; Remove Duplicate Registers                                   ; On            ; On            ;
; Ignore CARRY Buffers                                         ; Off           ; Off           ;
; Ignore CASCADE Buffers                                       ; Off           ; Off           ;
; Ignore GLOBAL Buffers                                        ; Off           ; Off           ;
; Ignore ROW GLOBAL Buffers                                    ; Off           ; Off           ;
; Ignore LCELL Buffers                                         ; Off           ; Off           ;
; Ignore SOFT Buffers                                          ; On            ; On            ;
; Limit AHDL Integers to 32 Bits                               ; Off           ; Off           ;
; Auto Implement in ROM                                        ; Off           ; Off           ;
; Optimization Technique                                       ; Area          ; Area          ;
; Carry Chain Length                                           ; 32            ; 32            ;
; Cascade Chain Length                                         ; 2             ; 2             ;
; Auto Carry Chains                                            ; On            ; On            ;
; Auto Open-Drain Pins                                         ; On            ; On            ;
; Auto ROM Replacement                                         ; On            ; On            ;
; Auto RAM Replacement                                         ; On            ; On            ;
; Auto Clock Enable Replacement                                ; On            ; On            ;
; Strict RAM Replacement                                       ; Off           ; Off           ;
; Auto Resource Sharing                                        ; Off           ; Off           ;
; Allow Any RAM Size For Recognition                           ; Off           ; Off           ;
; Allow Any ROM Size For Recognition                           ; Off           ; Off           ;
; Use LogicLock Constraints during Resource Balancing          ; On            ; On            ;
; Ignore translate_off and synthesis_off directives            ; Off           ; Off           ;
; Show Parameter Settings Tables in Synthesis Report           ; On            ; On            ;
; HDL message level                                            ; Level2        ; Level2        ;
; Suppress Register Optimization Related Messages              ; Off           ; Off           ;
; Number of Removed Registers Reported in Synthesis Report     ; 100           ; 100           ;
; Number of Inverted Registers Reported in Synthesis Report    ; 100           ; 100           ;
; Block Design Naming                                          ; Auto          ; Auto          ;
; Synthesis Effort                                             ; Auto          ; Auto          ;
; Shift Register Replacement - Allow Asynchronous Clear Signal ; On            ; On            ;
; Analysis & Synthesis Message Level                           ; Medium        ; Medium        ;
+--------------------------------------------------------------+---------------+---------------+


+----------------------------------------------------------------------------------------------------------------------------------------------------+
; Analysis & Synthesis Source Files Read                                                                                                             ;
+----------------------------------+-----------------+------------------------------------+----------------------------------------------------------+
; File Name with User-Entered Path ; Used in Netlist ; File Type                          ; File Name with Absolute Path                             ;
+----------------------------------+-----------------+------------------------------------+----------------------------------------------------------+
; 12.bdf                           ; yes             ; User Block Diagram/Schematic File  ; C:/Users/Tyeah/Downloads/红绿灯最终版/12.bdf       ;
; 74139.bdf                        ; yes             ; Megafunction                       ; d:/softwares/quartus/libraries/others/maxplus2/74139.bdf ;
; 7474.bdf                         ; yes             ; Megafunction                       ; d:/softwares/quartus/libraries/others/maxplus2/7474.bdf  ;
; 74190.bdf                        ; yes             ; Megafunction                       ; d:/softwares/quartus/libraries/others/maxplus2/74190.bdf ;
; 74244.bdf                        ; yes             ; Megafunction                       ; d:/softwares/quartus/libraries/others/maxplus2/74244.bdf ;
+----------------------------------+-----------------+------------------------------------+----------------------------------------------------------+


+------------------------------------------------+
; Analysis & Synthesis Resource Usage Summary    ;
+--------------------------------+---------------+
; Resource                       ; Usage         ;
+--------------------------------+---------------+
; Total logic elements           ; 50            ;
; Total combinational functions  ; 50            ;
;     -- Total 4-input functions ; 10            ;
;     -- Total 3-input functions ; 19            ;
;     -- Total 2-input functions ; 13            ;
;     -- Total 1-input functions ; 8             ;
;     -- Total 0-input functions ; 0             ;
; Total registers                ; 14            ;
; I/O pins                       ; 28            ;
; Maximum fan-out node           ; 7474:inst52|9 ;
; Maximum fan-out                ; 18            ;
; Total fan-out                  ; 185           ;
; Average fan-out                ; 2.37          ;
+--------------------------------+---------------+


+--------------------------------------------------------------------------------------------------------------------------------------------------------------------------------------------------------+
; Analysis & Synthesis Resource Utilization by Entity                                                                                                                                                    ;
+----------------------------+-------------+--------------+-------------+------+--------------+-------------------+------------------+-----------------+------------+---------------------+--------------+
; Compilation Hierarchy Node ; Logic Cells ; LC Registers ; Memory Bits ; Pins ; LUT-Only LCs ; Register-Only LCs ; LUT/Register LCs ; Carry Chain LCs ; Packed LCs ; Full Hierarchy Name ; Library Name ;
+----------------------------+-------------+--------------+-------------+------+--------------+-------------------+------------------+-----------------+------------+---------------------+--------------+
; |12                        ; 50 (25)     ; 14           ; 0           ; 28   ; 36 (25)      ; 0 (0)             ; 14 (0)           ; 0 (0)           ; 0 (0)      ; |12                 ; work         ;
;    |74190:inst1|           ; 7 (7)       ; 4            ; 0           ; 0    ; 3 (3)        ; 0 (0)             ; 4 (4)            ; 0 (0)           ; 0 (0)      ; |12|74190:inst1     ; work         ;
;    |74190:inst9|           ; 8 (8)       ; 4            ; 0           ; 0    ; 4 (4)        ; 0 (0)             ; 4 (4)            ; 0 (0)           ; 0 (0)      ; |12|74190:inst9     ; work         ;
;    |74190:inst|            ; 8 (8)       ; 4            ; 0           ; 0    ; 4 (4)        ; 0 (0)             ; 4 (4)            ; 0 (0)           ; 0 (0)      ; |12|74190:inst      ; work         ;
;    |7474:inst52|           ; 1 (1)       ; 1            ; 0           ; 0    ; 0 (0)        ; 0 (0)             ; 1 (1)            ; 0 (0)           ; 0 (0)      ; |12|7474:inst52     ; work         ;
;    |7474:inst53|           ; 1 (1)       ; 1            ; 0           ; 0    ; 0 (0)        ; 0 (0)             ; 1 (1)            ; 0 (0)           ; 0 (0)      ; |12|7474:inst53     ; work         ;
+----------------------------+-------------+--------------+-------------+------+--------------+-------------------+------------------+-----------------+------------+---------------------+--------------+
Note: For table entries with two numbers listed, the numbers in parentheses indicate the number of resources of the given type used by the specific entity alone. The numbers listed outside of parentheses indicate the total resources of the given type used by the specific entity and all of its sub-entities in the hierarchy.


+------------------------------------------------------+
; General Register Statistics                          ;
+----------------------------------------------+-------+
; Statistic                                    ; Value ;
+----------------------------------------------+-------+
; Total registers                              ; 14    ;
; Number of registers using Synchronous Clear  ; 0     ;
; Number of registers using Synchronous Load   ; 0     ;
; Number of registers using Asynchronous Clear ; 3     ;
; Number of registers using Asynchronous Load  ; 9     ;
; Number of registers using Clock Enable       ; 3     ;
; Number of registers using Preset             ; 0     ;
+----------------------------------------------+-------+


+-------------------------------+
; Analysis & Synthesis Messages ;
+-------------------------------+
Info: *******************************************************************
Info: Running Quartus II Analysis & Synthesis
    Info: Version 9.0 Build 235 06/17/2009 Service Pack 2 SJ Web Edition
    Info: Processing started: Mon Jul 05 12:44:49 2021
Info: Command: quartus_map --read_settings_files=on --write_settings_files=off 12 -c 12
Info: Found 1 design units, including 1 entities, in source file 12.bdf
    Info: Found entity 1: 12
Info: Elaborating entity "12" for the top level hierarchy
Info: Elaborating entity "74139" for hierarchy "74139:inst20"
Info: Elaborated megafunction instantiation "74139:inst20"
Info: Elaborating entity "7474" for hierarchy "7474:inst52"
Info: Elaborated megafunction instantiation "7474:inst52"
Info: Elaborating entity "74190" for hierarchy "74190:inst1"
Info: Elaborated megafunction instantiation "74190:inst1"
Info: Elaborating entity "74244" for hierarchy "74244:inst15"
Info: Elaborated megafunction instantiation "74244:inst15"
Warning: Open-drain buffer(s) that do not directly drive top-level pin(s) are removed
    Warning: Converted the fanout from the open-drain buffer "74244:inst17|26" to the node "inst59" into a wire
    Warning: Converted the fanout from the open-drain buffer "74244:inst16|26" to the node "inst59" into a wire
    Warning: Converted the fanout from the open-drain buffer "74244:inst17|27" to the node "inst60" into a wire
    Warning: Converted the fanout from the open-drain buffer "74244:inst16|27" to the node "inst60" into a wire
    Warning: Converted the fanout from the open-drain buffer "74244:inst17|31" to the node "inst61" into a wire
    Warning: Converted the fanout from the open-drain buffer "74244:inst17|36" to the node "inst62" into a wire
    Warning: Converted the fanout from the open-drain buffer "74244:inst16|1" to the node "inst66" into a wire
    Warning: Converted the fanout from the open-drain buffer "74244:inst17|6" to the node "inst65" into a wire
    Warning: Converted the fanout from the open-drain buffer "74244:inst16|6" to the node "inst65" into a wire
    Warning: Converted the fanout from the open-drain buffer "74244:inst16|10" to the node "inst64" into a wire
    Warning: Converted the fanout from the open-drain buffer "74244:inst17|11" to the node "inst63" into a wire
    Warning: Converted the fanout from the open-drain buffer "74244:inst16|11" to the node "inst63" into a wire
Warning: Tri-state node(s) do not directly drive top-level pin(s)
    Warning: Converted the fan-out from the tri-state buffer "74244:inst15|26" to the node "inst59" into an OR gate
    Warning: Converted the fan-out from the tri-state buffer "74244:inst15|27" to the node "inst60" into an OR gate
    Warning: Converted the fan-out from the tri-state buffer "74244:inst16|31" to the node "inst61" into an OR gate
    Warning: Converted the fan-out from the tri-state buffer "74244:inst15|31" to the node "inst61" into an OR gate
    Warning: Converted the fan-out from the tri-state buffer "74244:inst16|36" to the node "inst62" into an OR gate
    Warning: Converted the fan-out from the tri-state buffer "74244:inst15|36" to the node "inst62" into an OR gate
    Warning: Converted the fan-out from the tri-state buffer "74244:inst17|1" to the node "inst66" into an OR gate
    Warning: Converted the fan-out from the tri-state buffer "74244:inst15|1" to the node "inst66" into an OR gate
    Warning: Converted the fan-out from the tri-state buffer "74244:inst15|6" to the node "inst65" into an OR gate
    Warning: Converted the fan-out from the tri-state buffer "74244:inst17|10" to the node "inst64" into an OR gate
    Warning: Converted the fan-out from the tri-state buffer "74244:inst15|10" to the node "inst64" into an OR gate
    Warning: Converted the fan-out from the tri-state buffer "74244:inst15|11" to the node "inst63" into an OR gate
Info: Implemented 78 device resources after synthesis - the final resource count might be different
    Info: Implemented 12 input pins
    Info: Implemented 16 output pins
    Info: Implemented 50 logic cells
Info: Quartus II Analysis & Synthesis was successful. 0 errors, 26 warnings
    Info: Peak virtual memory: 241 megabytes
    Info: Processing ended: Mon Jul 05 12:44:50 2021
    Info: Elapsed time: 00:00:01
    Info: Total CPU time (on all processors): 00:00:00


