Classic Timing Analyzer report for 12
Mon Jul 05 12:44:54 2021
Quartus II Version 9.0 Build 235 06/17/2009 Service Pack 2 SJ Web Edition


---------------------
; Table of Contents ;
---------------------
  1. Legal Notice
  2. Timing Analyzer Summary
  3. Timing Analyzer Settings
  4. Clock Settings Summary
  5. Parallel Compilation
  6. Clock Setup: 'pulse'
  7. Clock Hold: 'pulse'
  8. tco
  9. tpd
 10. Timing Analyzer Messages



----------------
; Legal Notice ;
----------------
Copyright (C) 1991-2009 Altera Corporation
Your use of Altera Corporation's design tools, logic functions 
and other software and tools, and its AMPP partner logic 
functions, and any output files from any of the foregoing 
(including device programming or simulation files), and any 
associated documentation or information are expressly subject 
to the terms and conditions of the Altera Program License 
Subscription Agreement, Altera MegaCore Function License 
Agreement, or other applicable license agreement, including, 
without limitation, that your use is for the sole purpose of 
programming logic devices manufactured by Altera and sold by 
Altera or its authorized distributors.  Please refer to the 
applicable agreement for further details.



+---------------------------------------------------------------------------------------------------------------------------------------------------------------------------------------------------+
; Timing Analyzer Summary                                                                                                                                                                           ;
+------------------------------+------------------------------------------+---------------+----------------------------------+---------------+---------------+------------+----------+--------------+
; Type                         ; Slack                                    ; Required Time ; Actual Time                      ; From          ; To            ; From Clock ; To Clock ; Failed Paths ;
+------------------------------+------------------------------------------+---------------+----------------------------------+---------------+---------------+------------+----------+--------------+
; Worst-case tco               ; N/A                                      ; None          ; 41.300 ns                        ; 7474:inst53|9 ; MYellow       ; pulse      ; --       ; 0            ;
; Worst-case tpd               ; N/A                                      ; None          ; 17.100 ns                        ; pattern2      ; MGreen        ; --         ; --       ; 0            ;
; Clock Setup: 'pulse'         ; N/A                                      ; None          ; 78.74 MHz ( period = 12.700 ns ) ; 7474:inst52|9 ; 7474:inst52|9 ; pulse      ; pulse    ; 0            ;
; Clock Hold: 'pulse'          ; Not operational: Clock Skew > Data Delay ; None          ; N/A                              ; 7474:inst53|9 ; 7474:inst53|9 ; pulse      ; pulse    ; 27           ;
; Total number of failed paths ;                                          ;               ;                                  ;               ;               ;            ;          ; 27           ;
+------------------------------+------------------------------------------+---------------+----------------------------------+---------------+---------------+------------+----------+--------------+


+--------------------------------------------------------------------------------------------------------------------+
; Timing Analyzer Settings                                                                                           ;
+---------------------------------------------------------------------+--------------------+------+----+-------------+
; Option                                                              ; Setting            ; From ; To ; Entity Name ;
+---------------------------------------------------------------------+--------------------+------+----+-------------+
; Device Name                                                         ; EP1K30TC144-3      ;      ;    ;             ;
; Timing Models                                                       ; Final              ;      ;    ;             ;
; Default hold multicycle                                             ; Same as Multicycle ;      ;    ;             ;
; Cut paths between unrelated clock domains                           ; On                 ;      ;    ;             ;
; Cut off read during write signal paths                              ; On                 ;      ;    ;             ;
; Cut off feedback from I/O pins                                      ; On                 ;      ;    ;             ;
; Report Combined Fast/Slow Timing                                    ; Off                ;      ;    ;             ;
; Ignore Clock Settings                                               ; Off                ;      ;    ;             ;
; Analyze latches as synchronous elements                             ; On                 ;      ;    ;             ;
; Enable Recovery/Removal analysis                                    ; Off                ;      ;    ;             ;
; Enable Clock Latency                                                ; Off                ;      ;    ;             ;
; Use TimeQuest Timing Analyzer                                       ; Off                ;      ;    ;             ;
; Number of source nodes to report per destination node               ; 10                 ;      ;    ;             ;
; Number of destination nodes to report                               ; 10                 ;      ;    ;             ;
; Number of paths to report                                           ; 200                ;      ;    ;             ;
; Report Minimum Timing Checks                                        ; Off                ;      ;    ;             ;
; Use Fast Timing Models                                              ; Off                ;      ;    ;             ;
; Report IO Paths Separately                                          ; Off                ;      ;    ;             ;
; Perform Multicorner Analysis                                        ; Off                ;      ;    ;             ;
; Reports the worst-case path for each clock domain and analysis      ; Off                ;      ;    ;             ;
; Removes common clock path pessimism (CCPP) during slack computation ; Off                ;      ;    ;             ;
; Output I/O Timing Endpoint                                          ; Near End           ;      ;    ;             ;
+---------------------------------------------------------------------+--------------------+------+----+-------------+


+------------------------------------------------------------------------------------------------------------------------------------------------------------------------------------+
; Clock Settings Summary                                                                                                                                                             ;
+-----------------+--------------------+----------+------------------+---------------+--------------+----------+-----------------------+---------------------+--------+--------------+
; Clock Node Name ; Clock Setting Name ; Type     ; Fmax Requirement ; Early Latency ; Late Latency ; Based on ; Multiply Base Fmax by ; Divide Base Fmax by ; Offset ; Phase offset ;
+-----------------+--------------------+----------+------------------+---------------+--------------+----------+-----------------------+---------------------+--------+--------------+
; pulse           ;                    ; User Pin ; None             ; 0.000 ns      ; 0.000 ns     ; --       ; N/A                   ; N/A                 ; N/A    ;              ;
+-----------------+--------------------+----------+------------------+---------------+--------------+----------+-----------------------+---------------------+--------+--------------+


Parallel compilation was disabled, but you have multiple processors available. Enable parallel compilation to reduce compilation time.
+-------------------------------------+
; Parallel Compilation                ;
+----------------------------+--------+
; Processors                 ; Number ;
+----------------------------+--------+
; Number detected on machine ; 4      ;
; Maximum allowed            ; 1      ;
+----------------------------+--------+


+------------------------------------------------------------------------------------------------------------------------------------------------------------------------------------------------------+
; Clock Setup: 'pulse'                                                                                                                                                                                 ;
+-------+------------------------------------------------+----------------+----------------+------------+----------+-----------------------------+---------------------------+-------------------------+
; Slack ; Actual fmax (period)                           ; From           ; To             ; From Clock ; To Clock ; Required Setup Relationship ; Required Longest P2P Time ; Actual Longest P2P Time ;
+-------+------------------------------------------------+----------------+----------------+------------+----------+-----------------------------+---------------------------+-------------------------+
; N/A   ; 78.74 MHz ( period = 12.700 ns )               ; 7474:inst53|9  ; 7474:inst53|9  ; pulse      ; pulse    ; None                        ; None                      ; 1.100 ns                ;
; N/A   ; 78.74 MHz ( period = 12.700 ns )               ; 7474:inst52|9  ; 7474:inst52|9  ; pulse      ; pulse    ; None                        ; None                      ; 1.100 ns                ;
; N/A   ; 95.24 MHz ( period = 10.500 ns )               ; 74190:inst1|48 ; 74190:inst1|51 ; pulse      ; pulse    ; None                        ; None                      ; 3.200 ns                ;
; N/A   ; 95.24 MHz ( period = 10.500 ns )               ; 74190:inst1|49 ; 74190:inst1|51 ; pulse      ; pulse    ; None                        ; None                      ; 3.200 ns                ;
; N/A   ; 97.09 MHz ( period = 10.300 ns )               ; 74190:inst1|50 ; 74190:inst1|51 ; pulse      ; pulse    ; None                        ; None                      ; 3.000 ns                ;
; N/A   ; 114.94 MHz ( period = 8.700 ns )               ; 74190:inst1|48 ; 74190:inst1|49 ; pulse      ; pulse    ; None                        ; None                      ; 1.400 ns                ;
; N/A   ; 114.94 MHz ( period = 8.700 ns )               ; 74190:inst1|51 ; 74190:inst1|50 ; pulse      ; pulse    ; None                        ; None                      ; 1.400 ns                ;
; N/A   ; 116.28 MHz ( period = 8.600 ns )               ; 74190:inst1|49 ; 74190:inst1|49 ; pulse      ; pulse    ; None                        ; None                      ; 1.300 ns                ;
; N/A   ; 116.28 MHz ( period = 8.600 ns )               ; 74190:inst1|50 ; 74190:inst1|49 ; pulse      ; pulse    ; None                        ; None                      ; 1.300 ns                ;
; N/A   ; 116.28 MHz ( period = 8.600 ns )               ; 74190:inst1|48 ; 74190:inst1|50 ; pulse      ; pulse    ; None                        ; None                      ; 1.300 ns                ;
; N/A   ; 116.28 MHz ( period = 8.600 ns )               ; 74190:inst1|49 ; 74190:inst1|50 ; pulse      ; pulse    ; None                        ; None                      ; 1.300 ns                ;
; N/A   ; 119.05 MHz ( period = 8.400 ns )               ; 74190:inst1|48 ; 74190:inst1|48 ; pulse      ; pulse    ; None                        ; None                      ; 1.100 ns                ;
; N/A   ; 119.05 MHz ( period = 8.400 ns )               ; 74190:inst1|51 ; 74190:inst1|49 ; pulse      ; pulse    ; None                        ; None                      ; 1.100 ns                ;
; N/A   ; 119.05 MHz ( period = 8.400 ns )               ; 74190:inst1|51 ; 74190:inst1|51 ; pulse      ; pulse    ; None                        ; None                      ; 1.100 ns                ;
; N/A   ; 119.05 MHz ( period = 8.400 ns )               ; 74190:inst1|50 ; 74190:inst1|50 ; pulse      ; pulse    ; None                        ; None                      ; 1.100 ns                ;
; N/A   ; 144.93 MHz ( period = 6.900 ns )               ; 74190:inst|48  ; 74190:inst|50  ; pulse      ; pulse    ; None                        ; None                      ; 3.300 ns                ;
; N/A   ; 147.06 MHz ( period = 6.800 ns )               ; 74190:inst|48  ; 74190:inst|51  ; pulse      ; pulse    ; None                        ; None                      ; 3.200 ns                ;
; N/A   ; 147.06 MHz ( period = 6.800 ns )               ; 74190:inst|49  ; 74190:inst|51  ; pulse      ; pulse    ; None                        ; None                      ; 3.200 ns                ;
; N/A   ; 149.25 MHz ( period = 6.700 ns )               ; 74190:inst|49  ; 74190:inst|50  ; pulse      ; pulse    ; None                        ; None                      ; 3.100 ns                ;
; N/A   ; 151.52 MHz ( period = 6.600 ns )               ; 74190:inst|50  ; 74190:inst|51  ; pulse      ; pulse    ; None                        ; None                      ; 3.000 ns                ;
; N/A   ; 151.52 MHz ( period = 6.600 ns )               ; 74190:inst|51  ; 74190:inst|49  ; pulse      ; pulse    ; None                        ; None                      ; 3.000 ns                ;
; N/A   ; 151.52 MHz ( period = 6.600 ns )               ; 74190:inst|50  ; 74190:inst|49  ; pulse      ; pulse    ; None                        ; None                      ; 3.000 ns                ;
; N/A   ; 156.25 MHz ( period = 6.400 ns )               ; 74190:inst|49  ; 74190:inst|49  ; pulse      ; pulse    ; None                        ; None                      ; 2.800 ns                ;
; N/A   ; Restricted to 200.00 MHz ( period = 5.000 ns ) ; 74190:inst|50  ; 74190:inst|50  ; pulse      ; pulse    ; None                        ; None                      ; 1.300 ns                ;
; N/A   ; Restricted to 200.00 MHz ( period = 5.000 ns ) ; 74190:inst|48  ; 74190:inst|49  ; pulse      ; pulse    ; None                        ; None                      ; 1.300 ns                ;
; N/A   ; Restricted to 200.00 MHz ( period = 5.000 ns ) ; 74190:inst|51  ; 74190:inst|51  ; pulse      ; pulse    ; None                        ; None                      ; 1.100 ns                ;
; N/A   ; Restricted to 200.00 MHz ( period = 5.000 ns ) ; 74190:inst|48  ; 74190:inst|48  ; pulse      ; pulse    ; None                        ; None                      ; 1.100 ns                ;
; N/A   ; Restricted to 200.00 MHz ( period = 5.000 ns ) ; 74190:inst|51  ; 74190:inst|50  ; pulse      ; pulse    ; None                        ; None                      ; 1.100 ns                ;
; N/A   ; Restricted to 200.00 MHz ( period = 5.000 ns ) ; 74190:inst9|49 ; 74190:inst9|50 ; pulse      ; pulse    ; None                        ; None                      ; 3.300 ns                ;
; N/A   ; Restricted to 200.00 MHz ( period = 5.000 ns ) ; 74190:inst9|48 ; 74190:inst9|51 ; pulse      ; pulse    ; None                        ; None                      ; 3.200 ns                ;
; N/A   ; Restricted to 200.00 MHz ( period = 5.000 ns ) ; 74190:inst9|49 ; 74190:inst9|51 ; pulse      ; pulse    ; None                        ; None                      ; 3.200 ns                ;
; N/A   ; Restricted to 200.00 MHz ( period = 5.000 ns ) ; 74190:inst9|48 ; 74190:inst9|50 ; pulse      ; pulse    ; None                        ; None                      ; 3.100 ns                ;
; N/A   ; Restricted to 200.00 MHz ( period = 5.000 ns ) ; 74190:inst9|50 ; 74190:inst9|51 ; pulse      ; pulse    ; None                        ; None                      ; 3.000 ns                ;
; N/A   ; Restricted to 200.00 MHz ( period = 5.000 ns ) ; 74190:inst9|51 ; 74190:inst9|49 ; pulse      ; pulse    ; None                        ; None                      ; 3.000 ns                ;
; N/A   ; Restricted to 200.00 MHz ( period = 5.000 ns ) ; 74190:inst9|50 ; 74190:inst9|49 ; pulse      ; pulse    ; None                        ; None                      ; 2.800 ns                ;
; N/A   ; Restricted to 200.00 MHz ( period = 5.000 ns ) ; 74190:inst9|48 ; 74190:inst9|49 ; pulse      ; pulse    ; None                        ; None                      ; 1.400 ns                ;
; N/A   ; Restricted to 200.00 MHz ( period = 5.000 ns ) ; 74190:inst9|49 ; 74190:inst9|49 ; pulse      ; pulse    ; None                        ; None                      ; 1.300 ns                ;
; N/A   ; Restricted to 200.00 MHz ( period = 5.000 ns ) ; 74190:inst9|50 ; 74190:inst9|50 ; pulse      ; pulse    ; None                        ; None                      ; 1.300 ns                ;
; N/A   ; Restricted to 200.00 MHz ( period = 5.000 ns ) ; 74190:inst9|51 ; 74190:inst9|51 ; pulse      ; pulse    ; None                        ; None                      ; 1.100 ns                ;
; N/A   ; Restricted to 200.00 MHz ( period = 5.000 ns ) ; 74190:inst9|48 ; 74190:inst9|48 ; pulse      ; pulse    ; None                        ; None                      ; 1.100 ns                ;
; N/A   ; Restricted to 200.00 MHz ( period = 5.000 ns ) ; 74190:inst9|51 ; 74190:inst9|50 ; pulse      ; pulse    ; None                        ; None                      ; 1.100 ns                ;
+-------+------------------------------------------------+----------------+----------------+------------+----------+-----------------------------+---------------------------+-------------------------+


+-----------------------------------------------------------------------------------------------------------------------------------------------------------------------------------------+
; Clock Hold: 'pulse'                                                                                                                                                                     ;
+------------------------------------------+----------------+----------------+------------+----------+----------------------------+----------------------------+--------------------------+
; Minimum Slack                            ; From           ; To             ; From Clock ; To Clock ; Required Hold Relationship ; Required Shortest P2P Time ; Actual Shortest P2P Time ;
+------------------------------------------+----------------+----------------+------------+----------+----------------------------+----------------------------+--------------------------+
; Not operational: Clock Skew > Data Delay ; 7474:inst53|9  ; 7474:inst53|9  ; pulse      ; pulse    ; None                       ; None                       ; 1.100 ns                 ;
; Not operational: Clock Skew > Data Delay ; 7474:inst52|9  ; 7474:inst52|9  ; pulse      ; pulse    ; None                       ; None                       ; 1.100 ns                 ;
; Not operational: Clock Skew > Data Delay ; 74190:inst1|48 ; 74190:inst1|48 ; pulse      ; pulse    ; None                       ; None                       ; 1.100 ns                 ;
; Not operational: Clock Skew > Data Delay ; 74190:inst1|51 ; 74190:inst1|49 ; pulse      ; pulse    ; None                       ; None                       ; 1.100 ns                 ;
; Not operational: Clock Skew > Data Delay ; 74190:inst1|51 ; 74190:inst1|51 ; pulse      ; pulse    ; None                       ; None                       ; 1.100 ns                 ;
; Not operational: Clock Skew > Data Delay ; 74190:inst1|50 ; 74190:inst1|50 ; pulse      ; pulse    ; None                       ; None                       ; 1.100 ns                 ;
; Not operational: Clock Skew > Data Delay ; 74190:inst1|49 ; 74190:inst1|49 ; pulse      ; pulse    ; None                       ; None                       ; 1.300 ns                 ;
; Not operational: Clock Skew > Data Delay ; 74190:inst1|50 ; 74190:inst1|49 ; pulse      ; pulse    ; None                       ; None                       ; 1.300 ns                 ;
; Not operational: Clock Skew > Data Delay ; 74190:inst1|48 ; 74190:inst1|50 ; pulse      ; pulse    ; None                       ; None                       ; 1.300 ns                 ;
; Not operational: Clock Skew > Data Delay ; 74190:inst1|49 ; 74190:inst1|50 ; pulse      ; pulse    ; None                       ; None                       ; 1.300 ns                 ;
; Not operational: Clock Skew > Data Delay ; 74190:inst1|48 ; 74190:inst1|49 ; pulse      ; pulse    ; None                       ; None                       ; 1.400 ns                 ;
; Not operational: Clock Skew > Data Delay ; 74190:inst1|51 ; 74190:inst1|50 ; pulse      ; pulse    ; None                       ; None                       ; 1.400 ns                 ;
; Not operational: Clock Skew > Data Delay ; 74190:inst1|50 ; 74190:inst1|51 ; pulse      ; pulse    ; None                       ; None                       ; 3.000 ns                 ;
; Not operational: Clock Skew > Data Delay ; 74190:inst1|48 ; 74190:inst1|51 ; pulse      ; pulse    ; None                       ; None                       ; 3.200 ns                 ;
; Not operational: Clock Skew > Data Delay ; 74190:inst1|49 ; 74190:inst1|51 ; pulse      ; pulse    ; None                       ; None                       ; 3.200 ns                 ;
; Not operational: Clock Skew > Data Delay ; 74190:inst|51  ; 74190:inst|51  ; pulse      ; pulse    ; None                       ; None                       ; 1.100 ns                 ;
; Not operational: Clock Skew > Data Delay ; 74190:inst|48  ; 74190:inst|48  ; pulse      ; pulse    ; None                       ; None                       ; 1.100 ns                 ;
; Not operational: Clock Skew > Data Delay ; 74190:inst|51  ; 74190:inst|50  ; pulse      ; pulse    ; None                       ; None                       ; 1.100 ns                 ;
; Not operational: Clock Skew > Data Delay ; 74190:inst|50  ; 74190:inst|50  ; pulse      ; pulse    ; None                       ; None                       ; 1.300 ns                 ;
; Not operational: Clock Skew > Data Delay ; 74190:inst|48  ; 74190:inst|49  ; pulse      ; pulse    ; None                       ; None                       ; 1.300 ns                 ;
; Not operational: Clock Skew > Data Delay ; 74190:inst|49  ; 74190:inst|49  ; pulse      ; pulse    ; None                       ; None                       ; 1.400 ns                 ;
; Not operational: Clock Skew > Data Delay ; 74190:inst|50  ; 74190:inst|51  ; pulse      ; pulse    ; None                       ; None                       ; 3.000 ns                 ;
; Not operational: Clock Skew > Data Delay ; 74190:inst|51  ; 74190:inst|49  ; pulse      ; pulse    ; None                       ; None                       ; 3.000 ns                 ;
; Not operational: Clock Skew > Data Delay ; 74190:inst|50  ; 74190:inst|49  ; pulse      ; pulse    ; None                       ; None                       ; 3.000 ns                 ;
; Not operational: Clock Skew > Data Delay ; 74190:inst|49  ; 74190:inst|50  ; pulse      ; pulse    ; None                       ; None                       ; 3.100 ns                 ;
; Not operational: Clock Skew > Data Delay ; 74190:inst|48  ; 74190:inst|51  ; pulse      ; pulse    ; None                       ; None                       ; 3.200 ns                 ;
; Not operational: Clock Skew > Data Delay ; 74190:inst|49  ; 74190:inst|51  ; pulse      ; pulse    ; None                       ; None                       ; 3.200 ns                 ;
+------------------------------------------+----------------+----------------+------------+----------+----------------------------+----------------------------+--------------------------+


+---------------------------------------------------------------------------+
; tco                                                                       ;
+-------+--------------+------------+----------------+---------+------------+
; Slack ; Required tco ; Actual tco ; From           ; To      ; From Clock ;
+-------+--------------+------------+----------------+---------+------------+
; N/A   ; None         ; 41.300 ns  ; 7474:inst53|9  ; MYellow ; pulse      ;
; N/A   ; None         ; 40.600 ns  ; 7474:inst53|9  ; NYellow ; pulse      ;
; N/A   ; None         ; 39.400 ns  ; 7474:inst53|9  ; MGreen  ; pulse      ;
; N/A   ; None         ; 39.400 ns  ; 7474:inst52|9  ; MYellow ; pulse      ;
; N/A   ; None         ; 39.400 ns  ; 7474:inst53|9  ; MRed    ; pulse      ;
; N/A   ; None         ; 39.100 ns  ; 7474:inst52|9  ; NYellow ; pulse      ;
; N/A   ; None         ; 38.900 ns  ; 7474:inst53|9  ; NGreen  ; pulse      ;
; N/A   ; None         ; 38.900 ns  ; 7474:inst53|9  ; NRed    ; pulse      ;
; N/A   ; None         ; 37.800 ns  ; 7474:inst52|9  ; MRed    ; pulse      ;
; N/A   ; None         ; 37.700 ns  ; 7474:inst52|9  ; MGreen  ; pulse      ;
; N/A   ; None         ; 37.600 ns  ; 7474:inst53|9  ; q0      ; pulse      ;
; N/A   ; None         ; 37.300 ns  ; 7474:inst52|9  ; NRed    ; pulse      ;
; N/A   ; None         ; 37.200 ns  ; 7474:inst52|9  ; NGreen  ; pulse      ;
; N/A   ; None         ; 36.000 ns  ; 7474:inst52|9  ; q1      ; pulse      ;
; N/A   ; None         ; 32.900 ns  ; 74190:inst1|50 ; h3      ; pulse      ;
; N/A   ; None         ; 32.800 ns  ; 74190:inst1|49 ; h3      ; pulse      ;
; N/A   ; None         ; 32.800 ns  ; 74190:inst1|51 ; h3      ; pulse      ;
; N/A   ; None         ; 32.700 ns  ; 74190:inst1|50 ; h2      ; pulse      ;
; N/A   ; None         ; 32.600 ns  ; 74190:inst1|50 ; l2      ; pulse      ;
; N/A   ; None         ; 32.600 ns  ; 74190:inst1|50 ; l1      ; pulse      ;
; N/A   ; None         ; 32.600 ns  ; 74190:inst1|50 ; h0      ; pulse      ;
; N/A   ; None         ; 32.600 ns  ; 74190:inst1|49 ; h2      ; pulse      ;
; N/A   ; None         ; 32.600 ns  ; 74190:inst1|51 ; h2      ; pulse      ;
; N/A   ; None         ; 32.600 ns  ; 74190:inst1|48 ; h3      ; pulse      ;
; N/A   ; None         ; 32.500 ns  ; 74190:inst1|50 ; l3      ; pulse      ;
; N/A   ; None         ; 32.500 ns  ; 74190:inst1|49 ; l2      ; pulse      ;
; N/A   ; None         ; 32.500 ns  ; 74190:inst1|51 ; l2      ; pulse      ;
; N/A   ; None         ; 32.500 ns  ; 74190:inst1|49 ; l1      ; pulse      ;
; N/A   ; None         ; 32.500 ns  ; 74190:inst1|51 ; l1      ; pulse      ;
; N/A   ; None         ; 32.500 ns  ; 74190:inst1|50 ; l0      ; pulse      ;
; N/A   ; None         ; 32.500 ns  ; 74190:inst1|49 ; h0      ; pulse      ;
; N/A   ; None         ; 32.500 ns  ; 74190:inst1|51 ; h0      ; pulse      ;
; N/A   ; None         ; 32.400 ns  ; 74190:inst1|49 ; l3      ; pulse      ;
; N/A   ; None         ; 32.400 ns  ; 74190:inst1|51 ; l3      ; pulse      ;
; N/A   ; None         ; 32.400 ns  ; 74190:inst1|49 ; l0      ; pulse      ;
; N/A   ; None         ; 32.400 ns  ; 74190:inst1|51 ; l0      ; pulse      ;
; N/A   ; None         ; 32.400 ns  ; 74190:inst1|50 ; h1      ; pulse      ;
; N/A   ; None         ; 32.400 ns  ; 74190:inst1|48 ; h2      ; pulse      ;
; N/A   ; None         ; 32.300 ns  ; 74190:inst1|48 ; l2      ; pulse      ;
; N/A   ; None         ; 32.300 ns  ; 74190:inst1|48 ; l1      ; pulse      ;
; N/A   ; None         ; 32.300 ns  ; 74190:inst1|48 ; h0      ; pulse      ;
; N/A   ; None         ; 32.300 ns  ; 74190:inst1|49 ; h1      ; pulse      ;
; N/A   ; None         ; 32.300 ns  ; 74190:inst1|51 ; h1      ; pulse      ;
; N/A   ; None         ; 32.200 ns  ; 74190:inst1|48 ; l3      ; pulse      ;
; N/A   ; None         ; 32.200 ns  ; 74190:inst1|48 ; l0      ; pulse      ;
; N/A   ; None         ; 32.100 ns  ; 74190:inst1|48 ; h1      ; pulse      ;
; N/A   ; None         ; 25.700 ns  ; 74190:inst|50  ; h2      ; pulse      ;
; N/A   ; None         ; 25.500 ns  ; 74190:inst|48  ; h0      ; pulse      ;
; N/A   ; None         ; 25.400 ns  ; 74190:inst|51  ; h3      ; pulse      ;
; N/A   ; None         ; 24.200 ns  ; 74190:inst|49  ; h1      ; pulse      ;
; N/A   ; None         ; 20.000 ns  ; 74190:inst9|50 ; l2      ; pulse      ;
; N/A   ; None         ; 20.000 ns  ; 74190:inst9|49 ; l1      ; pulse      ;
; N/A   ; None         ; 19.900 ns  ; 74190:inst9|51 ; l3      ; pulse      ;
; N/A   ; None         ; 19.700 ns  ; 74190:inst9|48 ; l0      ; pulse      ;
+-------+--------------+------------+----------------+---------+------------+


+------------------------------------------------------------------+
; tpd                                                              ;
+-------+-------------------+-----------------+----------+---------+
; Slack ; Required P2P Time ; Actual P2P Time ; From     ; To      ;
+-------+-------------------+-----------------+----------+---------+
; N/A   ; None              ; 17.100 ns       ; pattern2 ; MGreen  ;
; N/A   ; None              ; 17.000 ns       ; pattern2 ; MYellow ;
; N/A   ; None              ; 17.000 ns       ; pattern1 ; MYellow ;
; N/A   ; None              ; 17.000 ns       ; pulse    ; MYellow ;
; N/A   ; None              ; 17.000 ns       ; pattern2 ; MRed    ;
; N/A   ; None              ; 16.700 ns       ; pattern2 ; NGreen  ;
; N/A   ; None              ; 16.700 ns       ; pattern1 ; MGreen  ;
; N/A   ; None              ; 16.700 ns       ; pattern1 ; MRed    ;
; N/A   ; None              ; 16.500 ns       ; pattern2 ; NYellow ;
; N/A   ; None              ; 16.500 ns       ; pattern1 ; NYellow ;
; N/A   ; None              ; 16.500 ns       ; pulse    ; NYellow ;
; N/A   ; None              ; 16.500 ns       ; pattern2 ; NRed    ;
; N/A   ; None              ; 16.300 ns       ; pattern1 ; NGreen  ;
; N/A   ; None              ; 16.200 ns       ; pattern1 ; NRed    ;
+-------+-------------------+-----------------+----------+---------+


+--------------------------+
; Timing Analyzer Messages ;
+--------------------------+
Info: *******************************************************************
Info: Running Quartus II Classic Timing Analyzer
    Info: Version 9.0 Build 235 06/17/2009 Service Pack 2 SJ Web Edition
    Info: Processing started: Mon Jul 05 12:44:53 2021
Info: Command: quartus_tan --read_settings_files=off --write_settings_files=off 12 -c 12
Info: Started post-fitting delay annotation
Info: Delay annotation completed successfully
Warning: Found pins functioning as undefined clocks and/or memory enables
    Info: Assuming node "pulse" is an undefined clock
Warning: Found 19 node(s) in clock paths which may be acting as ripple and/or gated clocks -- node(s) analyzed as buffer(s) resulting in clock skew
    Info: Detected ripple clock "74190:inst9|50" as buffer
    Info: Detected ripple clock "74190:inst9|49" as buffer
    Info: Detected ripple clock "74190:inst9|48" as buffer
    Info: Detected ripple clock "74190:inst|49" as buffer
    Info: Detected ripple clock "74190:inst|50" as buffer
    Info: Detected ripple clock "74190:inst1|50" as buffer
    Info: Detected ripple clock "74190:inst1|51" as buffer
    Info: Detected ripple clock "74190:inst1|49" as buffer
    Info: Detected gated clock "74190:inst|58" as buffer
    Info: Detected ripple clock "74190:inst1|48" as buffer
    Info: Detected gated clock "74190:inst9|39~0" as buffer
    Info: Detected ripple clock "74190:inst9|51" as buffer
    Info: Detected gated clock "74190:inst1|58~0" as buffer
    Info: Detected gated clock "74190:inst9|58" as buffer
    Info: Detected gated clock "74190:inst|58~0" as buffer
    Info: Detected ripple clock "74190:inst|48" as buffer
    Info: Detected ripple clock "74190:inst|51" as buffer
    Info: Detected gated clock "74190:inst1|58" as buffer
    Info: Detected ripple clock "7474:inst52|9" as buffer
Info: Clock "pulse" has Internal fmax of 78.74 MHz between source register "7474:inst53|9" and destination register "7474:inst53|9" (period= 12.7 ns)
    Info: + Longest register to register delay is 1.100 ns
        Info: 1: + IC(0.000 ns) + CELL(0.000 ns) = 0.000 ns; Loc. = LC2_F27; Fanout = 17; REG Node = '7474:inst53|9'
        Info: 2: + IC(0.300 ns) + CELL(0.800 ns) = 1.100 ns; Loc. = LC2_F27; Fanout = 17; REG Node = '7474:inst53|9'
        Info: Total cell delay = 0.800 ns ( 72.73 % )
        Info: Total interconnect delay = 0.300 ns ( 27.27 % )
    Info: - Smallest clock skew is -10.500 ns
        Info: + Shortest clock path from clock "pulse" to destination register is 18.200 ns
            Info: 1: + IC(0.000 ns) + CELL(4.900 ns) = 4.900 ns; Loc. = PIN_29; Fanout = 7; CLK Node = 'pulse'
            Info: 2: + IC(3.200 ns) + CELL(1.600 ns) = 9.700 ns; Loc. = LC3_F26; Fanout = 6; COMB Node = '74190:inst9|58'
            Info: 3: + IC(1.300 ns) + CELL(1.600 ns) = 12.600 ns; Loc. = LC1_F29; Fanout = 13; COMB Node = '74190:inst1|58'
            Info: 4: + IC(3.900 ns) + CELL(0.500 ns) = 17.000 ns; Loc. = LC8_F30; Fanout = 18; REG Node = '7474:inst52|9'
            Info: 5: + IC(1.200 ns) + CELL(0.000 ns) = 18.200 ns; Loc. = LC2_F27; Fanout = 17; REG Node = '7474:inst53|9'
            Info: Total cell delay = 8.600 ns ( 47.25 % )
            Info: Total interconnect delay = 9.600 ns ( 52.75 % )
        Info: - Longest clock path from clock "pulse" to source register is 28.700 ns
            Info: 1: + IC(0.000 ns) + CELL(4.900 ns) = 4.900 ns; Loc. = PIN_29; Fanout = 7; CLK Node = 'pulse'
            Info: 2: + IC(3.200 ns) + CELL(0.500 ns) = 8.600 ns; Loc. = LC7_F26; Fanout = 5; REG Node = '74190:inst9|48'
            Info: 3: + IC(0.300 ns) + CELL(1.600 ns) = 10.500 ns; Loc. = LC5_F26; Fanout = 2; COMB Node = '74190:inst9|39~0'
            Info: 4: + IC(0.300 ns) + CELL(1.400 ns) = 12.200 ns; Loc. = LC3_F26; Fanout = 6; COMB Node = '74190:inst9|58'
            Info: 5: + IC(1.300 ns) + CELL(0.500 ns) = 14.000 ns; Loc. = LC5_F32; Fanout = 4; REG Node = '74190:inst|51'
            Info: 6: + IC(0.300 ns) + CELL(1.600 ns) = 15.900 ns; Loc. = LC1_F32; Fanout = 3; COMB Node = '74190:inst|58~0'
            Info: 7: + IC(1.100 ns) + CELL(1.600 ns) = 18.600 ns; Loc. = LC7_F29; Fanout = 4; COMB Node = '74190:inst|58'
            Info: 8: + IC(0.300 ns) + CELL(0.500 ns) = 19.400 ns; Loc. = LC6_F29; Fanout = 4; REG Node = '74190:inst1|50'
            Info: 9: + IC(0.300 ns) + CELL(1.700 ns) = 21.400 ns; Loc. = LC2_F29; Fanout = 9; COMB Node = '74190:inst1|58~0'
            Info: 10: + IC(0.300 ns) + CELL(1.400 ns) = 23.100 ns; Loc. = LC1_F29; Fanout = 13; COMB Node = '74190:inst1|58'
            Info: 11: + IC(3.900 ns) + CELL(0.500 ns) = 27.500 ns; Loc. = LC8_F30; Fanout = 18; REG Node = '7474:inst52|9'
            Info: 12: + IC(1.200 ns) + CELL(0.000 ns) = 28.700 ns; Loc. = LC2_F27; Fanout = 17; REG Node = '7474:inst53|9'
            Info: Total cell delay = 16.200 ns ( 56.45 % )
            Info: Total interconnect delay = 12.500 ns ( 43.55 % )
    Info: + Micro clock to output delay of source is 0.500 ns
    Info: + Micro setup delay of destination is 0.600 ns
Warning: Circuit may not operate. Detected 27 non-operational path(s) clocked by clock "pulse" with clock skew larger than data delay. See Compilation Report for details.
Info: Found hold time violation between source  pin or register "7474:inst53|9" and destination pin or register "7474:inst53|9" for clock "pulse" (Hold time is 10.2 ns)
    Info: + Largest clock skew is 10.500 ns
        Info: + Longest clock path from clock "pulse" to destination register is 28.700 ns
            Info: 1: + IC(0.000 ns) + CELL(4.900 ns) = 4.900 ns; Loc. = PIN_29; Fanout = 7; CLK Node = 'pulse'
            Info: 2: + IC(3.200 ns) + CELL(0.500 ns) = 8.600 ns; Loc. = LC7_F26; Fanout = 5; REG Node = '74190:inst9|48'
            Info: 3: + IC(0.300 ns) + CELL(1.600 ns) = 10.500 ns; Loc. = LC5_F26; Fanout = 2; COMB Node = '74190:inst9|39~0'
            Info: 4: + IC(0.300 ns) + CELL(1.400 ns) = 12.200 ns; Loc. = LC3_F26; Fanout = 6; COMB Node = '74190:inst9|58'
            Info: 5: + IC(1.300 ns) + CELL(0.500 ns) = 14.000 ns; Loc. = LC5_F32; Fanout = 4; REG Node = '74190:inst|51'
            Info: 6: + IC(0.300 ns) + CELL(1.600 ns) = 15.900 ns; Loc. = LC1_F32; Fanout = 3; COMB Node = '74190:inst|58~0'
            Info: 7: + IC(1.100 ns) + CELL(1.600 ns) = 18.600 ns; Loc. = LC7_F29; Fanout = 4; COMB Node = '74190:inst|58'
            Info: 8: + IC(0.300 ns) + CELL(0.500 ns) = 19.400 ns; Loc. = LC6_F29; Fanout = 4; REG Node = '74190:inst1|50'
            Info: 9: + IC(0.300 ns) + CELL(1.700 ns) = 21.400 ns; Loc. = LC2_F29; Fanout = 9; COMB Node = '74190:inst1|58~0'
            Info: 10: + IC(0.300 ns) + CELL(1.400 ns) = 23.100 ns; Loc. = LC1_F29; Fanout = 13; COMB Node = '74190:inst1|58'
            Info: 11: + IC(3.900 ns) + CELL(0.500 ns) = 27.500 ns; Loc. = LC8_F30; Fanout = 18; REG Node = '7474:inst52|9'
            Info: 12: + IC(1.200 ns) + CELL(0.000 ns) = 28.700 ns; Loc. = LC2_F27; Fanout = 17; REG Node = '7474:inst53|9'
            Info: Total cell delay = 16.200 ns ( 56.45 % )
            Info: Total interconnect delay = 12.500 ns ( 43.55 % )
        Info: - Shortest clock path from clock "pulse" to source register is 18.200 ns
            Info: 1: + IC(0.000 ns) + CELL(4.900 ns) = 4.900 ns; Loc. = PIN_29; Fanout = 7; CLK Node = 'pulse'
            Info: 2: + IC(3.200 ns) + CELL(1.600 ns) = 9.700 ns; Loc. = LC3_F26; Fanout = 6; COMB Node = '74190:inst9|58'
            Info: 3: + IC(1.300 ns) + CELL(1.600 ns) = 12.600 ns; Loc. = LC1_F29; Fanout = 13; COMB Node = '74190:inst1|58'
            Info: 4: + IC(3.900 ns) + CELL(0.500 ns) = 17.000 ns; Loc. = LC8_F30; Fanout = 18; REG Node = '7474:inst52|9'
            Info: 5: + IC(1.200 ns) + CELL(0.000 ns) = 18.200 ns; Loc. = LC2_F27; Fanout = 17; REG Node = '7474:inst53|9'
            Info: Total cell delay = 8.600 ns ( 47.25 % )
            Info: Total interconnect delay = 9.600 ns ( 52.75 % )
    Info: - Micro clock to output delay of source is 0.500 ns
    Info: - Shortest register to register delay is 1.100 ns
        Info: 1: + IC(0.000 ns) + CELL(0.000 ns) = 0.000 ns; Loc. = LC2_F27; Fanout = 17; REG Node = '7474:inst53|9'
        Info: 2: + IC(0.300 ns) + CELL(0.800 ns) = 1.100 ns; Loc. = LC2_F27; Fanout = 17; REG Node = '7474:inst53|9'
        Info: Total cell delay = 0.800 ns ( 72.73 % )
        Info: Total interconnect delay = 0.300 ns ( 27.27 % )
    Info: + Micro hold delay of destination is 1.300 ns
Info: tco from clock "pulse" to destination pin "MYellow" through register "7474:inst53|9" is 41.300 ns
    Info: + Longest clock path from clock "pulse" to source register is 28.700 ns
        Info: 1: + IC(0.000 ns) + CELL(4.900 ns) = 4.900 ns; Loc. = PIN_29; Fanout = 7; CLK Node = 'pulse'
        Info: 2: + IC(3.200 ns) + CELL(0.500 ns) = 8.600 ns; Loc. = LC7_F26; Fanout = 5; REG Node = '74190:inst9|48'
        Info: 3: + IC(0.300 ns) + CELL(1.600 ns) = 10.500 ns; Loc. = LC5_F26; Fanout = 2; COMB Node = '74190:inst9|39~0'
        Info: 4: + IC(0.300 ns) + CELL(1.400 ns) = 12.200 ns; Loc. = LC3_F26; Fanout = 6; COMB Node = '74190:inst9|58'
        Info: 5: + IC(1.300 ns) + CELL(0.500 ns) = 14.000 ns; Loc. = LC5_F32; Fanout = 4; REG Node = '74190:inst|51'
        Info: 6: + IC(0.300 ns) + CELL(1.600 ns) = 15.900 ns; Loc. = LC1_F32; Fanout = 3; COMB Node = '74190:inst|58~0'
        Info: 7: + IC(1.100 ns) + CELL(1.600 ns) = 18.600 ns; Loc. = LC7_F29; Fanout = 4; COMB Node = '74190:inst|58'
        Info: 8: + IC(0.300 ns) + CELL(0.500 ns) = 19.400 ns; Loc. = LC6_F29; Fanout = 4; REG Node = '74190:inst1|50'
        Info: 9: + IC(0.300 ns) + CELL(1.700 ns) = 21.400 ns; Loc. = LC2_F29; Fanout = 9; COMB Node = '74190:inst1|58~0'
        Info: 10: + IC(0.300 ns) + CELL(1.400 ns) = 23.100 ns; Loc. = LC1_F29; Fanout = 13; COMB Node = '74190:inst1|58'
        Info: 11: + IC(3.900 ns) + CELL(0.500 ns) = 27.500 ns; Loc. = LC8_F30; Fanout = 18; REG Node = '7474:inst52|9'
        Info: 12: + IC(1.200 ns) + CELL(0.000 ns) = 28.700 ns; Loc. = LC2_F27; Fanout = 17; REG Node = '7474:inst53|9'
        Info: Total cell delay = 16.200 ns ( 56.45 % )
        Info: Total interconnect delay = 12.500 ns ( 43.55 % )
    Info: + Micro clock to output delay of source is 0.500 ns
    Info: + Longest register to pin delay is 12.100 ns
        Info: 1: + IC(0.000 ns) + CELL(0.000 ns) = 0.000 ns; Loc. = LC2_F27; Fanout = 17; REG Node = '7474:inst53|9'
        Info: 2: + IC(1.100 ns) + CELL(1.600 ns) = 2.700 ns; Loc. = LC4_F36; Fanout = 1; COMB Node = 'inst10~0'
        Info: 3: + IC(0.300 ns) + CELL(1.600 ns) = 4.600 ns; Loc. = LC5_F36; Fanout = 1; COMB Node = 'inst47~0'
        Info: 4: + IC(1.200 ns) + CELL(6.300 ns) = 12.100 ns; Loc. = PIN_32; Fanout = 0; PIN Node = 'MYellow'
        Info: Total cell delay = 9.500 ns ( 78.51 % )
        Info: Total interconnect delay = 2.600 ns ( 21.49 % )
Info: Longest tpd from source pin "pattern2" to destination pin "MGreen" is 17.100 ns
    Info: 1: + IC(0.000 ns) + CELL(4.900 ns) = 4.900 ns; Loc. = PIN_27; Fanout = 6; PIN Node = 'pattern2'
    Info: 2: + IC(3.000 ns) + CELL(1.700 ns) = 9.600 ns; Loc. = LC7_F36; Fanout = 1; COMB Node = 'inst43'
    Info: 3: + IC(1.200 ns) + CELL(6.300 ns) = 17.100 ns; Loc. = PIN_33; Fanout = 0; PIN Node = 'MGreen'
    Info: Total cell delay = 12.900 ns ( 75.44 % )
    Info: Total interconnect delay = 4.200 ns ( 24.56 % )
Info: Quartus II Classic Timing Analyzer was successful. 0 errors, 3 warnings
    Info: Peak virtual memory: 209 megabytes
    Info: Processing ended: Mon Jul 05 12:44:54 2021
    Info: Elapsed time: 00:00:01
    Info: Total CPU time (on all processors): 00:00:00


